Start testing: Dec 01 21:33 UTC
----------------------------------------------------------
1/1 Testing: test_brainmaze_mefd
1/1 Test: test_brainmaze_mefd
Command: "/home/runner/work/brainmaze_mefd/brainmaze_mefd/build/tests/test_brainmaze_mefd"
Directory: /home/runner/work/brainmaze_mefd/brainmaze_mefd/build/tests
"test_brainmaze_mefd" start time: Dec 01 21:33 UTC
Output:
----------------------------------------------------------
=== brainmaze_mefd Test Suite ===

--- CRC Tests ---
  CRC of '123456789': 0xd2c22f51
PASSED: CRC tests

--- AES Tests ---
  AES encrypt/decrypt round-trip: OK
  AES with expanded key: OK
  AES produces different ciphertext: OK
  AES in-place encryption: OK
PASSED: AES tests

--- SHA256 Tests ---
  SHA256(''): e3b0c44298fc1c149afbf4c8996fb92427ae41e4649b934ca495991b7852b855
  SHA256('abc'): ba7816bf8f01cfea414140de5dae2223b00361a396177a9cb410ff61f20015ad
  SHA256('The quick...'): d7a8fbb307d7809469ca9abcb0082e4f8d5651e46d3cdb762d02d0bf37c9e592
  SHA256 streaming API: OK
PASSED: SHA256 tests

--- RED Tests ---
  Compressed 10 samples to 320 bytes
  Simple round-trip: OK
  Sine wave compression ratio: 0.326
  Sine wave round-trip: OK
  find_extrema: OK (min=-300, max=200)
  Random data round-trip: OK
PASSED: RED tests

--- MEF Tests ---
  Test path: "/tmp/brainmaze_mefd_test/test_session.mefd"
  Write completed
  Found 1 channel(s)
    Channel: test_channel, samples: 1000, fs: 1000 Hz, units: mV
  Read 999 samples
  Write/read round-trip: OK
  Multi-channel test: OK (3 channels)
  Properties test: OK (fsamp=200 Hz)
PASSED: MEF tests

=== Test Summary ===
All tests passed!
<end of output>
Test time =   0.00 sec
----------------------------------------------------------
Test Passed.
"test_brainmaze_mefd" end time: Dec 01 21:33 UTC
"test_brainmaze_mefd" time elapsed: 00:00:00
----------------------------------------------------------

End testing: Dec 01 21:33 UTC
